<?xml version="1.0" encoding="UTF-8"?>
<!-- Generated by org.testng.reporters.JUnitXMLReporter -->
<testsuite hostname="Gill" ignored="0" name="Validating the navigation bar" tests="2" failures="1" timestamp="2022-08-26T23:52:42 EDT" time="6.853" errors="0">
  <testcase name="basePageNavigation" time="0.056" classname="qaAcademy.validateNavigationBar"/>
  <testcase name="basePageNavigation" time="0.056" classname="qaAcademy.validateNavigationBar">
    <failure type="java.lang.NullPointerException">
      <![CDATA[java.lang.NullPointerException
at qaAcademy.listeners.onTestSuccess(listeners.java:30)
at java.util.ArrayList.forEach(ArrayList.java:1257)
at java.util.concurrent.FutureTask.run(FutureTask.java:266)
at java.util.concurrent.ThreadPoolExecutor.runWorker(ThreadPoolExecutor.java:1149)
at java.util.concurrent.ThreadPoolExecutor$Worker.run(ThreadPoolExecutor.java:624)
at java.lang.Thread.run(Thread.java:748)
... Removed 15 stack frames]]>
    </failure>
  </testcase> <!-- basePageNavigation -->
</testsuite> <!-- Validating the navigation bar -->
