<?xml version="1.0" encoding="UTF-8"?>
<!-- Generated by org.testng.reporters.JUnitXMLReporter -->
<testsuite hostname="Gill" ignored="0" name="Validating user login" tests="2" failures="1" timestamp="2022-08-26T23:53:23 EDT" time="8.66" errors="0">
  <testcase name="basePageNavigation" time="5.701" classname="qaAcademy.HomePage"/>
  <testcase name="basePageNavigation" time="5.709" classname="qaAcademy.HomePage">
    <failure type="java.lang.NullPointerException">
      <![CDATA[java.lang.NullPointerException
at qaAcademy.listeners.onTestSuccess(listeners.java:30)
at java.util.ArrayList.forEach(ArrayList.java:1257)
... Removed 28 stack frames]]>
    </failure>
  </testcase> <!-- basePageNavigation -->
</testsuite> <!-- Validating user login -->
